<?xml version="1.0" encoding="UTF-8"?>
<!-- Generated by org.testng.reporters.JUnitReportReporter -->
<testsuite skipped="0" hostname="Networking" name="com.projectName.companyName.testcases.ActiveMembersLoginTest" tests="1" failures="0" timestamp="18 Jul 2020 02:22:25 GMT" time="6.064" errors="0">
  <testcase name="loginTest" time="6.064" classname="com.projectName.companyName.testcases.ActiveMembersLoginTest"/>
</testsuite> <!-- com.projectName.companyName.testcases.ActiveMembersLoginTest -->
