<?xml version="1.0" encoding="UTF-8"?>
<!-- Generated by org.testng.reporters.JUnitReportReporter -->
<testsuite skipped="0" hostname="Networking" name="com.projectName.companyName.testcases.ActiveMembersLoginTest6" tests="1" failures="0" timestamp="04 Jul 2020 13:45:04 GMT" time="55.570" errors="0">
  <testcase name="loginTest" time="55.570" classname="com.projectName.companyName.testcases.ActiveMembersLoginTest6"/>
</testsuite> <!-- com.projectName.companyName.testcases.ActiveMembersLoginTest6 -->
