<?xml version="1.0" encoding="UTF-8"?>
<!-- Generated by org.testng.reporters.JUnitReportReporter -->
<testsuite skipped="0" hostname="Networking" name="com.projectName.companyName.testcases.ActiveMembersLoginTest2" tests="1" failures="0" timestamp="24 Jun 2020 03:11:20 GMT" time="13.181" errors="0">
  <testcase name="loginTest" time="13.181" classname="com.projectName.companyName.testcases.ActiveMembersLoginTest2"/>
</testsuite> <!-- com.projectName.companyName.testcases.ActiveMembersLoginTest2 -->
